<?xml version="1.0" encoding="UTF-8"?>
<!-- Generated by org.testng.reporters.JUnitXMLReporter -->
<testsuite ignored="0" hostname="LAPTOP-S80L74PF" failures="0" tests="4" name="Basket Module" time="20.508" errors="0" timestamp="2026-04-24T16:15:29 IST">
  <testcase classname="tests.BasketTest" name="addMultipleProducts" time="3.692"/>
  <testcase classname="tests.BasketTest" name="addToBasketCount" time="4.256"/>
  <testcase classname="tests.BasketTest" name="productDetailsInBasket" time="1.424"/>
  <testcase classname="tests.BasketTest" name="removeProduct" time="1.951"/>
</testsuite> <!-- Basket Module -->
