<?xml version="1.0" encoding="UTF-8"?>
<!-- Generated by org.testng.reporters.JUnitXMLReporter -->
<testsuite ignored="0" hostname="LAPTOP-S80L74PF" failures="0" tests="3" name="Login Module" time="16.573" errors="0" timestamp="2026-04-24T16:15:08 IST">
  <testcase classname="tests.LoginTest" name="testLogin" time="1.457"/>
  <testcase classname="tests.LoginTest" name="testLogin" time="1.03"/>
  <testcase classname="tests.LoginTest" name="testLogout" time="1.83"/>
</testsuite> <!-- Login Module -->
