<?xml version="1.0" encoding="UTF-8"?>
<!-- Generated by org.testng.reporters.JUnitXMLReporter -->
<testsuite ignored="0" hostname="LAPTOP-S80L74PF" failures="0" tests="4" name="Product Module" time="19.787" errors="0" timestamp="2026-04-24T16:15:10 IST">
  <testcase classname="tests.ProductTest" name="addToBasketButton" time="2.47"/>
  <testcase classname="tests.ProductTest" name="categoryFilter" time="2.676"/>
  <testcase classname="tests.ProductTest" name="productDetails" time="2.17"/>
  <testcase classname="tests.ProductTest" name="productListing" time="0.808"/>
</testsuite> <!-- Product Module -->
