<?xml version="1.0" encoding="UTF-8"?>
<testng-results ignored="0" total="13" passed="13" failed="0" skipped="0">
  <reporter-output>
  </reporter-output>
  <suite started-at="2026-04-24T16:19:45 IST" name="SweetShop Test Suite" finished-at="2026-04-24T16:20:20 IST" duration-ms="35329">
    <groups>
    </groups>
    <test started-at="2026-04-24T16:19:45 IST" name="Login Module" finished-at="2026-04-24T16:20:01 IST" duration-ms="15899">
      <class name="tests.LoginTest">
        <test-method is-config="true" signature="setup()[pri:0, instance:tests.LoginTest@6440112d]" started-at="2026-04-24T16:19:46 IST" name="setup" finished-at="2026-04-24T16:19:50 IST" duration-ms="4178" status="PASS">
          <reporter-output>
          </reporter-output>
        </test-method> <!-- setup -->
        <test-method signature="testLogin(java.lang.String,java.lang.String,java.lang.String)[pri:0, instance:tests.LoginTest@6440112d]" started-at="2026-04-24T16:19:50 IST" name="testLogin" data-provider="loginData" finished-at="2026-04-24T16:19:51 IST" duration-ms="1144" status="PASS">
          <params>
            <param index="0">
              <value>
                <![CDATA[oneorder@sweetshop.local]]>
              </value>
            </param>
            <param index="1">
              <value>
                <![CDATA[qwerty]]>
              </value>
            </param>
            <param index="2">
              <value>
                <![CDATA[success]]>
              </value>
            </param>
          </params>
          <reporter-output>
          </reporter-output>
        </test-method> <!-- testLogin -->
        <test-method is-config="true" signature="tearDown()[pri:0, instance:tests.LoginTest@6440112d]" started-at="2026-04-24T16:19:51 IST" name="tearDown" finished-at="2026-04-24T16:19:51 IST" duration-ms="284" status="PASS">
          <reporter-output>
          </reporter-output>
        </test-method> <!-- tearDown -->
        <test-method is-config="true" signature="setup()[pri:0, instance:tests.LoginTest@6440112d]" started-at="2026-04-24T16:19:51 IST" name="setup" finished-at="2026-04-24T16:19:54 IST" duration-ms="2121" status="PASS">
          <reporter-output>
          </reporter-output>
        </test-method> <!-- setup -->
        <test-method signature="testLogin(java.lang.String,java.lang.String,java.lang.String)[pri:0, instance:tests.LoginTest@6440112d]" started-at="2026-04-24T16:19:54 IST" name="testLogin" data-provider="loginData" finished-at="2026-04-24T16:19:55 IST" duration-ms="1701" status="PASS">
          <params>
            <param index="0">
              <value>
                <![CDATA[vaishnavi@gmail.com]]>
              </value>
            </param>
            <param index="1">
              <value>
                <![CDATA[wrong123]]>
              </value>
            </param>
            <param index="2">
              <value>
                <![CDATA[failure]]>
              </value>
            </param>
          </params>
          <reporter-output>
          </reporter-output>
        </test-method> <!-- testLogin -->
        <test-method is-config="true" signature="tearDown()[pri:0, instance:tests.LoginTest@6440112d]" started-at="2026-04-24T16:19:55 IST" name="tearDown" finished-at="2026-04-24T16:19:56 IST" duration-ms="756" status="PASS">
          <reporter-output>
          </reporter-output>
        </test-method> <!-- tearDown -->
        <test-method is-config="true" signature="setup()[pri:0, instance:tests.LoginTest@6440112d]" started-at="2026-04-24T16:19:56 IST" name="setup" finished-at="2026-04-24T16:19:58 IST" duration-ms="1963" status="PASS">
          <reporter-output>
          </reporter-output>
        </test-method> <!-- setup -->
        <test-method signature="testLogout()[pri:0, instance:tests.LoginTest@6440112d]" started-at="2026-04-24T16:19:58 IST" name="testLogout" finished-at="2026-04-24T16:20:00 IST" duration-ms="2296" status="PASS">
          <reporter-output>
          </reporter-output>
        </test-method> <!-- testLogout -->
        <test-method is-config="true" signature="tearDown()[pri:0, instance:tests.LoginTest@6440112d]" started-at="2026-04-24T16:20:00 IST" name="tearDown" finished-at="2026-04-24T16:20:01 IST" duration-ms="519" status="PASS">
          <reporter-output>
          </reporter-output>
        </test-method> <!-- tearDown -->
      </class> <!-- tests.LoginTest -->
    </test> <!-- Login Module -->
    <test started-at="2026-04-24T16:19:45 IST" name="Product Module" finished-at="2026-04-24T16:20:07 IST" duration-ms="21777">
      <class name="tests.ProductTest">
        <test-method is-config="true" signature="setup()[pri:0, instance:tests.ProductTest@c05fddc]" started-at="2026-04-24T16:19:45 IST" name="setup" finished-at="2026-04-24T16:19:48 IST" duration-ms="3474" status="PASS">
          <reporter-output>
          </reporter-output>
        </test-method> <!-- setup -->
        <test-method signature="addToBasketButton()[pri:0, instance:tests.ProductTest@c05fddc]" started-at="2026-04-24T16:19:48 IST" name="addToBasketButton" finished-at="2026-04-24T16:19:53 IST" duration-ms="4369" status="PASS">
          <reporter-output>
          </reporter-output>
        </test-method> <!-- addToBasketButton -->
        <test-method is-config="true" signature="tearDown()[pri:0, instance:tests.ProductTest@c05fddc]" started-at="2026-04-24T16:19:53 IST" name="tearDown" finished-at="2026-04-24T16:19:53 IST" duration-ms="686" status="PASS">
          <reporter-output>
          </reporter-output>
        </test-method> <!-- tearDown -->
        <test-method is-config="true" signature="setup()[pri:0, instance:tests.ProductTest@c05fddc]" started-at="2026-04-24T16:19:53 IST" name="setup" finished-at="2026-04-24T16:19:55 IST" duration-ms="1447" status="PASS">
          <reporter-output>
          </reporter-output>
        </test-method> <!-- setup -->
        <test-method signature="categoryFilter()[pri:0, instance:tests.ProductTest@c05fddc]" started-at="2026-04-24T16:19:55 IST" name="categoryFilter" finished-at="2026-04-24T16:19:57 IST" duration-ms="2470" status="PASS">
          <reporter-output>
          </reporter-output>
        </test-method> <!-- categoryFilter -->
        <test-method is-config="true" signature="tearDown()[pri:0, instance:tests.ProductTest@c05fddc]" started-at="2026-04-24T16:19:57 IST" name="tearDown" finished-at="2026-04-24T16:19:58 IST" duration-ms="410" status="PASS">
          <reporter-output>
          </reporter-output>
        </test-method> <!-- tearDown -->
        <test-method is-config="true" signature="setup()[pri:0, instance:tests.ProductTest@c05fddc]" started-at="2026-04-24T16:19:58 IST" name="setup" finished-at="2026-04-24T16:19:59 IST" duration-ms="1450" status="PASS">
          <reporter-output>
          </reporter-output>
        </test-method> <!-- setup -->
        <test-method signature="productDetails()[pri:0, instance:tests.ProductTest@c05fddc]" started-at="2026-04-24T16:19:59 IST" name="productDetails" finished-at="2026-04-24T16:20:01 IST" duration-ms="1766" status="PASS">
          <reporter-output>
          </reporter-output>
        </test-method> <!-- productDetails -->
        <test-method is-config="true" signature="tearDown()[pri:0, instance:tests.ProductTest@c05fddc]" started-at="2026-04-24T16:20:01 IST" name="tearDown" finished-at="2026-04-24T16:20:01 IST" duration-ms="335" status="PASS">
          <reporter-output>
          </reporter-output>
        </test-method> <!-- tearDown -->
        <test-method is-config="true" signature="setup()[pri:0, instance:tests.ProductTest@c05fddc]" started-at="2026-04-24T16:20:01 IST" name="setup" finished-at="2026-04-24T16:20:03 IST" duration-ms="1710" status="PASS">
          <reporter-output>
          </reporter-output>
        </test-method> <!-- setup -->
        <test-method signature="productListing()[pri:0, instance:tests.ProductTest@c05fddc]" started-at="2026-04-24T16:20:03 IST" name="productListing" finished-at="2026-04-24T16:20:06 IST" duration-ms="3077" status="PASS">
          <reporter-output>
          </reporter-output>
        </test-method> <!-- productListing -->
        <test-method is-config="true" signature="tearDown()[pri:0, instance:tests.ProductTest@c05fddc]" started-at="2026-04-24T16:20:06 IST" name="tearDown" finished-at="2026-04-24T16:20:07 IST" duration-ms="529" status="PASS">
          <reporter-output>
          </reporter-output>
        </test-method> <!-- tearDown -->
      </class> <!-- tests.ProductTest -->
    </test> <!-- Product Module -->
    <test started-at="2026-04-24T16:20:07 IST" name="Account Module" finished-at="2026-04-24T16:20:12 IST" duration-ms="5280">
      <class name="tests.AccountTest">
        <test-method is-config="true" signature="setup()[pri:0, instance:tests.AccountTest@6f15d60e]" started-at="2026-04-24T16:20:07 IST" name="setup" finished-at="2026-04-24T16:20:08 IST" duration-ms="1653" status="PASS">
          <reporter-output>
          </reporter-output>
        </test-method> <!-- setup -->
        <test-method signature="accountAndOrderHistory()[pri:0, instance:tests.AccountTest@6f15d60e]" started-at="2026-04-24T16:20:08 IST" name="accountAndOrderHistory" finished-at="2026-04-24T16:20:12 IST" duration-ms="3286" status="PASS">
          <reporter-output>
          </reporter-output>
        </test-method> <!-- accountAndOrderHistory -->
        <test-method is-config="true" signature="tearDown()[pri:0, instance:tests.AccountTest@6f15d60e]" started-at="2026-04-24T16:20:12 IST" name="tearDown" finished-at="2026-04-24T16:20:12 IST" duration-ms="334" status="PASS">
          <reporter-output>
          </reporter-output>
        </test-method> <!-- tearDown -->
      </class> <!-- tests.AccountTest -->
    </test> <!-- Account Module -->
    <test started-at="2026-04-24T16:20:12 IST" name="Navigation Module" finished-at="2026-04-24T16:20:17 IST" duration-ms="4589">
      <class name="tests.NavigationTest">
        <test-method is-config="true" signature="setup()[pri:0, instance:tests.NavigationTest@4f0f2942]" started-at="2026-04-24T16:20:12 IST" name="setup" finished-at="2026-04-24T16:20:13 IST" duration-ms="1371" status="PASS">
          <reporter-output>
          </reporter-output>
        </test-method> <!-- setup -->
        <test-method signature="navigationAndStaticContent()[pri:0, instance:tests.NavigationTest@4f0f2942]" started-at="2026-04-24T16:20:13 IST" name="navigationAndStaticContent" finished-at="2026-04-24T16:20:16 IST" duration-ms="2867" status="PASS">
          <reporter-output>
          </reporter-output>
        </test-method> <!-- navigationAndStaticContent -->
        <test-method is-config="true" signature="tearDown()[pri:0, instance:tests.NavigationTest@4f0f2942]" started-at="2026-04-24T16:20:16 IST" name="tearDown" finished-at="2026-04-24T16:20:17 IST" duration-ms="349" status="PASS">
          <reporter-output>
          </reporter-output>
        </test-method> <!-- tearDown -->
      </class> <!-- tests.NavigationTest -->
    </test> <!-- Navigation Module -->
    <test started-at="2026-04-24T16:20:01 IST" name="Basket Module" finished-at="2026-04-24T16:20:20 IST" duration-ms="18782">
      <class name="tests.BasketTest">
        <test-method is-config="true" signature="setup()[pri:0, instance:tests.BasketTest@6f43c82]" started-at="2026-04-24T16:20:01 IST" name="setup" finished-at="2026-04-24T16:20:03 IST" duration-ms="1588" status="PASS">
          <reporter-output>
          </reporter-output>
        </test-method> <!-- setup -->
        <test-method signature="addMultipleProducts()[pri:0, instance:tests.BasketTest@6f43c82]" started-at="2026-04-24T16:20:03 IST" name="addMultipleProducts" finished-at="2026-04-24T16:20:07 IST" duration-ms="4055" status="PASS">
          <reporter-output>
          </reporter-output>
        </test-method> <!-- addMultipleProducts -->
        <test-method is-config="true" signature="tearDown()[pri:0, instance:tests.BasketTest@6f43c82]" started-at="2026-04-24T16:20:07 IST" name="tearDown" finished-at="2026-04-24T16:20:09 IST" duration-ms="1705" status="PASS">
          <reporter-output>
          </reporter-output>
        </test-method> <!-- tearDown -->
        <test-method is-config="true" signature="setup()[pri:0, instance:tests.BasketTest@6f43c82]" started-at="2026-04-24T16:20:09 IST" name="setup" finished-at="2026-04-24T16:20:11 IST" duration-ms="2619" status="PASS">
          <reporter-output>
          </reporter-output>
        </test-method> <!-- setup -->
        <test-method signature="addToBasketCount()[pri:0, instance:tests.BasketTest@6f43c82]" started-at="2026-04-24T16:20:11 IST" name="addToBasketCount" finished-at="2026-04-24T16:20:12 IST" duration-ms="1000" status="PASS">
          <reporter-output>
          </reporter-output>
        </test-method> <!-- addToBasketCount -->
        <test-method is-config="true" signature="tearDown()[pri:0, instance:tests.BasketTest@6f43c82]" started-at="2026-04-24T16:20:12 IST" name="tearDown" finished-at="2026-04-24T16:20:13 IST" duration-ms="370" status="PASS">
          <reporter-output>
          </reporter-output>
        </test-method> <!-- tearDown -->
        <test-method is-config="true" signature="setup()[pri:0, instance:tests.BasketTest@6f43c82]" started-at="2026-04-24T16:20:13 IST" name="setup" finished-at="2026-04-24T16:20:16 IST" duration-ms="2828" status="PASS">
          <reporter-output>
          </reporter-output>
        </test-method> <!-- setup -->
        <test-method signature="productDetailsInBasket()[pri:0, instance:tests.BasketTest@6f43c82]" started-at="2026-04-24T16:20:16 IST" name="productDetailsInBasket" finished-at="2026-04-24T16:20:17 IST" duration-ms="1316" status="PASS">
          <reporter-output>
          </reporter-output>
        </test-method> <!-- productDetailsInBasket -->
        <test-method is-config="true" signature="tearDown()[pri:0, instance:tests.BasketTest@6f43c82]" started-at="2026-04-24T16:20:17 IST" name="tearDown" finished-at="2026-04-24T16:20:17 IST" duration-ms="250" status="PASS">
          <reporter-output>
          </reporter-output>
        </test-method> <!-- tearDown -->
        <test-method is-config="true" signature="setup()[pri:0, instance:tests.BasketTest@6f43c82]" started-at="2026-04-24T16:20:17 IST" name="setup" finished-at="2026-04-24T16:20:18 IST" duration-ms="1078" status="PASS">
          <reporter-output>
          </reporter-output>
        </test-method> <!-- setup -->
        <test-method signature="removeProduct()[pri:0, instance:tests.BasketTest@6f43c82]" started-at="2026-04-24T16:20:18 IST" name="removeProduct" finished-at="2026-04-24T16:20:20 IST" duration-ms="1764" status="PASS">
          <reporter-output>
          </reporter-output>
        </test-method> <!-- removeProduct -->
        <test-method is-config="true" signature="tearDown()[pri:0, instance:tests.BasketTest@6f43c82]" started-at="2026-04-24T16:20:20 IST" name="tearDown" finished-at="2026-04-24T16:20:20 IST" duration-ms="198" status="PASS">
          <reporter-output>
          </reporter-output>
        </test-method> <!-- tearDown -->
      </class> <!-- tests.BasketTest -->
    </test> <!-- Basket Module -->
  </suite> <!-- SweetShop Test Suite -->
</testng-results>
