<?xml version="1.0" encoding="UTF-8"?>
<testsuite xmlns:xsi="http://www.w3.org/2001/XMLSchema-instance" xsi:noNamespaceSchemaLocation="https://maven.apache.org/surefire/maven-surefire-plugin/xsd/surefire-test-report-3.0.xsd" version="3.0" name="TestSuite" time="36.178" tests="13" errors="0" skipped="0" failures="0">
  <properties>
[...]
</properties>
  <testcase name="testLogin[oneorder@sweetshop.local, qwerty, success](1)" classname="tests.LoginTest" time="1.154">
    <system-out><![CDATA[2026-04-24T10:49:45.491051200Z TestNG-tests-1 ERROR Log4j API could not find a logging provider.
]]></system-out>
    <system-err><![CDATA[SLF4J: Failed to load class "org.slf4j.impl.StaticLoggerBinder".
SLF4J: Defaulting to no-operation (NOP) logger implementation
SLF4J: See http://www.slf4j.org/codes.html#StaticLoggerBinder for further details.
Apr 24, 2026 4:19:48 PM org.openqa.selenium.devtools.CdpVersionFinder findNearestMatch
WARNING: Unable to find an exact match for CDP version 147, returning the closest version; found: 143; Please update to a Selenium version that supports CDP version 147
Apr 24, 2026 4:19:48 PM org.openqa.selenium.devtools.CdpVersionFinder findNearestMatch
WARNING: Unable to find an exact match for CDP version 147, returning the closest version; found: 143; Please update to a Selenium version that supports CDP version 147
]]></system-err>
  </testcase>
  <testcase name="testLogin[vaishnavi@gmail.com, wrong123, failure](2)" classname="tests.LoginTest" time="0.326">
    <system-err><![CDATA[Apr 24, 2026 4:19:55 PM org.openqa.selenium.devtools.CdpVersionFinder findNearestMatch
WARNING: Unable to find an exact match for CDP version 147, returning the closest version; found: 143; Please update to a Selenium version that supports CDP version 147
]]></system-err>
  </testcase>
  <testcase name="testLogout" classname="tests.LoginTest" time="1.018">
    <system-err><![CDATA[Apr 24, 2026 4:19:59 PM org.openqa.selenium.devtools.CdpVersionFinder findNearestMatch
WARNING: Unable to find an exact match for CDP version 147, returning the closest version; found: 143; Please update to a Selenium version that supports CDP version 147
]]></system-err>
  </testcase>
  <testcase name="addToBasketButton" classname="tests.ProductTest" time="2.792">
    <system-err><![CDATA[Apr 24, 2026 4:19:53 PM org.openqa.selenium.devtools.CdpVersionFinder findNearestMatch
WARNING: Unable to find an exact match for CDP version 147, returning the closest version; found: 143; Please update to a Selenium version that supports CDP version 147
]]></system-err>
  </testcase>
  <testcase name="categoryFilter" classname="tests.ProductTest" time="2.465">
    <system-err><![CDATA[Apr 24, 2026 4:19:57 PM org.openqa.selenium.devtools.CdpVersionFinder findNearestMatch
WARNING: Unable to find an exact match for CDP version 147, returning the closest version; found: 143; Please update to a Selenium version that supports CDP version 147
]]></system-err>
  </testcase>
  <testcase name="productDetails" classname="tests.ProductTest" time="1.762"/>
  <testcase name="productListing" classname="tests.ProductTest" time="3.078">
    <system-err><![CDATA[Apr 24, 2026 4:20:03 PM org.openqa.selenium.devtools.CdpVersionFinder findNearestMatch
WARNING: Unable to find an exact match for CDP version 147, returning the closest version; found: 143; Please update to a Selenium version that supports CDP version 147
Apr 24, 2026 4:20:03 PM org.openqa.selenium.devtools.CdpVersionFinder findNearestMatch
WARNING: Unable to find an exact match for CDP version 147, returning the closest version; found: 143; Please update to a Selenium version that supports CDP version 147
]]></system-err>
  </testcase>
  <testcase name="addMultipleProducts" classname="tests.BasketTest" time="4.022"/>
  <testcase name="addToBasketCount" classname="tests.BasketTest" time="1.0"/>
  <testcase name="productDetailsInBasket" classname="tests.BasketTest" time="1.315"/>
  <testcase name="removeProduct" classname="tests.BasketTest" time="1.764">
    <system-err><![CDATA[Apr 24, 2026 4:20:18 PM org.openqa.selenium.devtools.CdpVersionFinder findNearestMatch
WARNING: Unable to find an exact match for CDP version 147, returning the closest version; found: 143; Please update to a Selenium version that supports CDP version 147
]]></system-err>
  </testcase>
  <testcase name="accountAndOrderHistory" classname="tests.AccountTest" time="0.35">
    <system-err><![CDATA[Apr 24, 2026 4:20:08 PM org.openqa.selenium.devtools.CdpVersionFinder findNearestMatch
WARNING: Unable to find an exact match for CDP version 147, returning the closest version; found: 143; Please update to a Selenium version that supports CDP version 147
Apr 24, 2026 4:20:10 PM org.openqa.selenium.devtools.CdpVersionFinder findNearestMatch
WARNING: Unable to find an exact match for CDP version 147, returning the closest version; found: 143; Please update to a Selenium version that supports CDP version 147
]]></system-err>
  </testcase>
  <testcase name="navigationAndStaticContent" classname="tests.NavigationTest" time="0.768">
    <system-err><![CDATA[Apr 24, 2026 4:20:13 PM org.openqa.selenium.devtools.CdpVersionFinder findNearestMatch
WARNING: Unable to find an exact match for CDP version 147, returning the closest version; found: 143; Please update to a Selenium version that supports CDP version 147
Apr 24, 2026 4:20:14 PM org.openqa.selenium.devtools.CdpVersionFinder findNearestMatch
WARNING: Unable to find an exact match for CDP version 147, returning the closest version; found: 143; Please update to a Selenium version that supports CDP version 147
]]></system-err>
  </testcase>
</testsuite>