<?xml version="1.0" encoding="UTF-8"?>
<!-- Generated by org.testng.reporters.JUnitXMLReporter -->
<testsuite ignored="0" hostname="LAPTOP-S80L74PF" failures="0" tests="4" name="Basket Module" time="18.782" errors="0" timestamp="2026-04-24T16:20:20 IST">
  <testcase classname="tests.BasketTest" name="addMultipleProducts" time="4.055"/>
  <testcase classname="tests.BasketTest" name="addToBasketCount" time="1.0"/>
  <testcase classname="tests.BasketTest" name="productDetailsInBasket" time="1.316"/>
  <testcase classname="tests.BasketTest" name="removeProduct" time="1.764"/>
</testsuite> <!-- Basket Module -->
