<?xml version="1.0" encoding="UTF-8"?>
<!-- Generated by org.testng.reporters.JUnitXMLReporter -->
<testsuite ignored="0" hostname="LAPTOP-S80L74PF" failures="0" tests="3" name="Login Module" time="15.899" errors="0" timestamp="2026-04-24T16:20:01 IST">
  <testcase classname="tests.LoginTest" name="testLogin" time="1.144"/>
  <testcase classname="tests.LoginTest" name="testLogin" time="1.701"/>
  <testcase classname="tests.LoginTest" name="testLogout" time="2.296"/>
</testsuite> <!-- Login Module -->
