<?xml version="1.0" encoding="UTF-8"?>
<!-- Generated by org.testng.reporters.JUnitReportReporter -->
<testsuite hostname="LAPTOP-S80L74PF" failures="0" tests="4" name="tests.BasketTest" time="20.492" errors="0" timestamp="2026-04-24T16:15:29 IST" skipped="0">
  <testcase classname="tests.BasketTest" name="addToBasketCount" time="6.617"/>
  <testcase classname="tests.BasketTest" name="productDetailsInBasket" time="4.003"/>
  <testcase classname="tests.BasketTest" name="removeProduct" time="4.585"/>
  <testcase classname="tests.BasketTest" name="addMultipleProducts" time="5.287"/>
</testsuite> <!-- tests.BasketTest -->
