<?xml version="1.0" encoding="UTF-8"?>
<!-- Generated by org.testng.reporters.JUnitReportReporter -->
<testsuite hostname="LAPTOP-S80L74PF" failures="0" tests="4" name="tests.ProductTest" time="19.710" errors="0" timestamp="2026-04-24T16:15:29 IST" skipped="0">
  <testcase classname="tests.ProductTest" name="addToBasketButton" time="6.700"/>
  <testcase classname="tests.ProductTest" name="productListing" time="2.586"/>
  <testcase classname="tests.ProductTest" name="categoryFilter" time="5.834"/>
  <testcase classname="tests.ProductTest" name="productDetails" time="4.590"/>
</testsuite> <!-- tests.ProductTest -->
