<?xml version="1.0" encoding="UTF-8"?>
<!-- Generated by org.testng.reporters.JUnitReportReporter -->
<testsuite hostname="LAPTOP-S80L74PF" failures="0" tests="3" name="tests.LoginTest" time="15.448" errors="0" timestamp="2026-04-24T16:15:29 IST" skipped="0">
  <testcase classname="tests.LoginTest" name="testLogin" time="4.235"/>
  <testcase classname="tests.LoginTest" name="testLogin" time="4.272"/>
  <testcase classname="tests.LoginTest" name="testLogout" time="6.941"/>
</testsuite> <!-- tests.LoginTest -->
