<?xml version="1.0" encoding="UTF-8"?>
<!-- Generated by org.testng.reporters.JUnitReportReporter -->
<testsuite hostname="LAPTOP-S80L74PF" failures="0" tests="4" name="tests.BasketTest" time="18.771" errors="0" timestamp="2026-04-24T16:20:20 IST" skipped="0">
  <testcase classname="tests.BasketTest" name="addToBasketCount" time="3.817"/>
  <testcase classname="tests.BasketTest" name="productDetailsInBasket" time="3.274"/>
  <testcase classname="tests.BasketTest" name="removeProduct" time="4.842"/>
  <testcase classname="tests.BasketTest" name="addMultipleProducts" time="6.838"/>
</testsuite> <!-- tests.BasketTest -->
