<?xml version="1.0" encoding="UTF-8"?>
<!-- Generated by org.testng.reporters.JUnitReportReporter -->
<testsuite hostname="LAPTOP-S80L74PF" failures="0" tests="3" name="tests.LoginTest" time="14.962" errors="0" timestamp="2026-04-24T16:20:20 IST" skipped="0">
  <testcase classname="tests.LoginTest" name="testLogout" time="6.758"/>
  <testcase classname="tests.LoginTest" name="testLogin" time="4.420"/>
  <testcase classname="tests.LoginTest" name="testLogin" time="3.784"/>
</testsuite> <!-- tests.LoginTest -->
