<?xml version="1.0" encoding="UTF-8"?>
<!-- Generated by org.testng.reporters.JUnitReportReporter -->
<testsuite hostname="LAPTOP-S80L74PF" failures="0" tests="4" name="tests.ProductTest" time="21.723" errors="0" timestamp="2026-04-24T16:20:20 IST" skipped="0">
  <testcase classname="tests.ProductTest" name="categoryFilter" time="4.330"/>
  <testcase classname="tests.ProductTest" name="productDetails" time="5.926"/>
  <testcase classname="tests.ProductTest" name="productListing" time="5.053"/>
  <testcase classname="tests.ProductTest" name="addToBasketButton" time="6.414"/>
</testsuite> <!-- tests.ProductTest -->
